[2026-03-02 19:40:56] Exception: code=500 message=Internal Server Error
--- Throwable #0 Framework\Http\HttpException ---
Message: Internal Server Error
File: /var/www/html/Framework/Http/HttpException.php:119
Trace:
#0 /var/www/html/Framework/Core/App.php(126): Framework\Http\HttpException::from(Object(Error))
#1 /var/www/html/public/index.php(31): Framework\Core\App->run()
#2 {main}
--- Throwable #1 Error ---
Message: Typed property App\Models\Task::$plannedStart must not be accessed before initialization
File: /var/www/html/App/Models/Task.php:441
Trace:
#0 [internal function]: App\Models\Task->jsonSerialize()
#1 /var/www/html/Framework/Http/Responses/JsonResponse.php(50): json_encode(Object(App\Models\Task))
#2 /var/www/html/Framework/Http/Responses/Response.php(35): Framework\Http\Responses\JsonResponse->generate()
#3 /var/www/html/Framework/Core/App.php(107): Framework\Http\Responses\Response->send()
#4 /var/www/html/public/index.php(31): Framework\Core\App->run()
#5 {main}

[2026-03-02 20:05:45] Exception: code=500 message=Internal Server Error
--- Throwable #0 Framework\Http\HttpException ---
Message: Internal Server Error
File: /var/www/html/Framework/Http/HttpException.php:119
Trace:
#0 /var/www/html/Framework/Core/App.php(126): Framework\Http\HttpException::from(Object(ParseError))
#1 /var/www/html/public/index.php(31): Framework\Core\App->run()
#2 {main}
--- Throwable #1 ParseError ---
Message: syntax error, unexpected token "try"
File: /var/www/html/App/Controllers/TaskController.php:326
Trace:
#0 /var/www/html/Framework/Core/Router.php(30): ClassLoader::{closure}('App\\Controllers...')
#1 /var/www/html/Framework/Core/App.php(95): Framework\Core\Router->processURL()
#2 /var/www/html/public/index.php(31): Framework\Core\App->run()
#3 {main}

