[2026-03-10 15:01:32] Controller triggering scheduler for user=5
[2026-03-10 15:01:32] splitTaskByCategory invoked for task=180 parentId=null categoryId=38 timeToComplete=80 atomic=0
[2026-03-10 15:01:32] Scheduler run for user=5
[2026-03-10 15:01:32] Scheduler finished for user=5
[2026-03-10 15:03:21] Controller triggering scheduler for user=5
[2026-03-10 15:03:21] splitTaskByCategory invoked for task=185 parentId=null categoryId=38 timeToComplete=200 atomic=0
[2026-03-10 15:03:21] Scheduler run for user=5
[2026-03-10 15:03:21] Scheduler finished for user=5
[2026-03-10 16:36:29] Controller triggering scheduler for user=5
[2026-03-10 16:36:29] Scheduler run for user=5
[2026-03-10 16:36:29] Scheduler finished for user=5
[2026-03-10 16:36:59] Controller triggering scheduler for user=5
[2026-03-10 16:36:59] Scheduler run for user=5
[2026-03-10 16:36:59] Scheduler finished for user=5
[2026-03-10 16:38:43] Controller triggering scheduler for user=5
[2026-03-10 16:38:43] Skipping split: task is atomic
[2026-03-10 16:38:43] Scheduler run for user=5
[2026-03-10 16:38:43] Scheduler finished for user=5
[2026-03-10 16:40:04] Controller triggering scheduler for user=5
[2026-03-10 16:40:04] Scheduler run for user=5
[2026-03-10 16:40:04] Scheduler finished for user=5
[2026-03-10 16:45:33] Controller triggering scheduler for user=5
[2026-03-10 16:45:33] Scheduler run for user=5
[2026-03-10 16:45:33] Scheduler finished for user=5
[2026-03-12 17:23:40] Controller triggering scheduler for user=5
[2026-03-12 17:23:40] Skipping split: task has no category
[2026-03-12 17:23:40] Scheduler run for user=5
[2026-03-12 17:23:40] Scheduler finished for user=5
[2026-03-12 17:43:45] Controller triggering scheduler for user=5
[2026-03-12 17:43:45] Scheduler run for user=5
[2026-03-12 17:43:45] Scheduler finished for user=5
[2026-03-21 15:39:15] Controller triggering scheduler for user=5
[2026-03-21 15:39:15] Scheduler finished for user=5
[2026-03-21 16:39:07] Controller triggering scheduler for user=5
[2026-03-21 16:39:07] Scheduler finished for user=5
[2026-03-21 16:39:29] Controller triggering scheduler for user=5
[2026-03-21 16:39:29] Scheduler finished for user=5
[2026-03-21 16:39:43] Controller triggering scheduler for user=5
[2026-03-21 16:39:43] Scheduler finished for user=5
[2026-03-21 16:40:00] Scheduler finished for user=5
[2026-03-21 16:41:16] Controller triggering scheduler for user=5
[2026-03-21 16:41:16] Scheduler finished for user=5
[2026-03-21 16:41:24] Controller triggering scheduler for user=5
[2026-03-21 16:41:24] Scheduler finished for user=5
[2026-03-21 16:41:34] Controller triggering scheduler for user=5
[2026-03-21 16:41:34] Scheduler finished for user=5
[2026-03-23 10:35:38] Scheduler finished for user=5
[2026-03-23 10:35:44] Scheduler finished for user=5
[2026-03-23 10:35:48] Scheduler finished for user=5
[2026-03-23 10:35:53] Scheduler finished for user=5
[2026-03-23 10:36:34] Scheduler finished for user=5
[2026-03-23 10:37:09] Controller (update) triggering scheduler for user=5
[2026-03-23 10:37:09] Scheduler finished for user=5
[2026-03-23 10:38:09] Scheduler finished for user=5
[2026-03-23 10:38:55] Scheduler finished for user=5
[2026-03-23 10:41:05] Controller triggering scheduler for user=5
[2026-03-23 10:41:05] Scheduler finished for user=5
[2026-03-23 10:41:23] Scheduler finished for user=5
[2026-03-23 10:41:42] Scheduler finished for user=5
[2026-03-23 10:49:00] Controller (update) triggering scheduler for user=5
[2026-03-23 10:49:00] Scheduler finished for user=5
[2026-03-23 11:43:31] Scheduler finished for user=5
[2026-03-23 11:43:40] Controller (update) triggering scheduler for user=5
[2026-03-23 11:43:40] Scheduler finished for user=5
[2026-03-23 11:43:52] Controller triggering scheduler for user=5
[2026-03-23 11:43:52] Scheduler finished for user=5
[2026-03-23 11:43:58] Controller (update) triggering scheduler for user=5
[2026-03-23 11:43:58] Scheduler finished for user=5
[2026-03-23 11:43:59] Controller (update) triggering scheduler for user=5
[2026-03-23 11:43:59] Scheduler finished for user=5
[2026-03-23 11:44:00] Controller (update) triggering scheduler for user=5
[2026-03-23 11:44:00] Scheduler finished for user=5
[2026-03-23 11:44:23] Scheduler finished for user=5
[2026-03-23 11:44:26] Scheduler finished for user=5
[2026-03-23 15:09:30] Scheduler finished for user=5
[2026-03-23 15:09:33] Scheduler finished for user=5
[2026-03-23 15:09:44] Scheduler finished for user=5
[2026-03-23 17:05:55] Controller triggering scheduler for user=5
[2026-03-23 17:05:55] Scheduler finished for user=5
[2026-03-23 17:07:54] Scheduler finished for user=5
[2026-03-23 17:07:59] Scheduler finished for user=5
